[0.756s] Invoking command in '/home/nasser/ros2_assign1_sw/assignment-1.NasserAlMuaili/src/naal3202_hw2': PYTHONPATH=/home/nasser/ros2_assign1_sw/assignment-1.NasserAlMuaili/build/naal3202_hw2/prefix_override:/usr/lib/python3/dist-packages/colcon_core/task/python/colcon_distutils_commands:/home/nasser/ros2_assign1_sw/assignment-1.NasserAlMuaili/install/naal3202_hw2/lib/python3.10/site-packages:${PYTHONPATH} /usr/bin/python3 -W ignore:setup.py install is deprecated -W ignore:easy_install command is deprecated setup.py egg_info --egg-base ../../build/naal3202_hw2 build --build-base /home/nasser/ros2_assign1_sw/assignment-1.NasserAlMuaili/build/naal3202_hw2/build install --record /home/nasser/ros2_assign1_sw/assignment-1.NasserAlMuaili/build/naal3202_hw2/install.log --single-version-externally-managed install_data
[1.006s] running egg_info
[1.006s] writing ../../build/naal3202_hw2/naal3202_hw2.egg-info/PKG-INFO
[1.007s] writing dependency_links to ../../build/naal3202_hw2/naal3202_hw2.egg-info/dependency_links.txt
[1.008s] writing entry points to ../../build/naal3202_hw2/naal3202_hw2.egg-info/entry_points.txt
[1.008s] writing requirements to ../../build/naal3202_hw2/naal3202_hw2.egg-info/requires.txt
[1.008s] writing top-level names to ../../build/naal3202_hw2/naal3202_hw2.egg-info/top_level.txt
[1.011s] reading manifest file '../../build/naal3202_hw2/naal3202_hw2.egg-info/SOURCES.txt'
[1.012s] adding license file 'LICENSE'
[1.013s] writing manifest file '../../build/naal3202_hw2/naal3202_hw2.egg-info/SOURCES.txt'
[1.013s] running build
[1.013s] running build_py
[1.013s] copying naal3202_hw2/services_client.py -> /home/nasser/ros2_assign1_sw/assignment-1.NasserAlMuaili/build/naal3202_hw2/build/lib/naal3202_hw2
[1.014s] running install
[1.015s] running install_lib
[1.015s] copying /home/nasser/ros2_assign1_sw/assignment-1.NasserAlMuaili/build/naal3202_hw2/build/lib/naal3202_hw2/services_client.py -> /home/nasser/ros2_assign1_sw/assignment-1.NasserAlMuaili/install/naal3202_hw2/lib/python3.10/site-packages/naal3202_hw2
[1.016s] byte-compiling /home/nasser/ros2_assign1_sw/assignment-1.NasserAlMuaili/install/naal3202_hw2/lib/python3.10/site-packages/naal3202_hw2/services_client.py to services_client.cpython-310.pyc
[1.017s] running install_data
[1.018s] running install_egg_info
[1.019s] removing '/home/nasser/ros2_assign1_sw/assignment-1.NasserAlMuaili/install/naal3202_hw2/lib/python3.10/site-packages/naal3202_hw2-0.0.0-py3.10.egg-info' (and everything under it)
[1.020s] Copying ../../build/naal3202_hw2/naal3202_hw2.egg-info to /home/nasser/ros2_assign1_sw/assignment-1.NasserAlMuaili/install/naal3202_hw2/lib/python3.10/site-packages/naal3202_hw2-0.0.0-py3.10.egg-info
[1.021s] running install_scripts
[1.050s] Installing services_client script to /home/nasser/ros2_assign1_sw/assignment-1.NasserAlMuaili/install/naal3202_hw2/lib/naal3202_hw2
[1.051s] Installing services_server script to /home/nasser/ros2_assign1_sw/assignment-1.NasserAlMuaili/install/naal3202_hw2/lib/naal3202_hw2
[1.051s] writing list of installed files to '/home/nasser/ros2_assign1_sw/assignment-1.NasserAlMuaili/build/naal3202_hw2/install.log'
[1.084s] Invoked command in '/home/nasser/ros2_assign1_sw/assignment-1.NasserAlMuaili/src/naal3202_hw2' returned '0': PYTHONPATH=/home/nasser/ros2_assign1_sw/assignment-1.NasserAlMuaili/build/naal3202_hw2/prefix_override:/usr/lib/python3/dist-packages/colcon_core/task/python/colcon_distutils_commands:/home/nasser/ros2_assign1_sw/assignment-1.NasserAlMuaili/install/naal3202_hw2/lib/python3.10/site-packages:${PYTHONPATH} /usr/bin/python3 -W ignore:setup.py install is deprecated -W ignore:easy_install command is deprecated setup.py egg_info --egg-base ../../build/naal3202_hw2 build --build-base /home/nasser/ros2_assign1_sw/assignment-1.NasserAlMuaili/build/naal3202_hw2/build install --record /home/nasser/ros2_assign1_sw/assignment-1.NasserAlMuaili/build/naal3202_hw2/install.log --single-version-externally-managed install_data
