[0.786s] Invoking command in '/home/nasser/ros2_assign1_sw/assignment-1.NasserAlMuaili/src/naal3202_hw2': PYTHONPATH=/home/nasser/ros2_assign1_sw/assignment-1.NasserAlMuaili/build/naal3202_hw2/prefix_override:/usr/lib/python3/dist-packages/colcon_core/task/python/colcon_distutils_commands:/home/nasser/ros2_assign1_sw/assignment-1.NasserAlMuaili/install/naal3202_hw2/lib/python3.10/site-packages:${PYTHONPATH} /usr/bin/python3 -W ignore:setup.py install is deprecated -W ignore:easy_install command is deprecated setup.py egg_info --egg-base ../../build/naal3202_hw2 build --build-base /home/nasser/ros2_assign1_sw/assignment-1.NasserAlMuaili/build/naal3202_hw2/build install --record /home/nasser/ros2_assign1_sw/assignment-1.NasserAlMuaili/build/naal3202_hw2/install.log --single-version-externally-managed install_data
[1.042s] running egg_info
[1.043s] writing ../../build/naal3202_hw2/naal3202_hw2.egg-info/PKG-INFO
[1.043s] writing dependency_links to ../../build/naal3202_hw2/naal3202_hw2.egg-info/dependency_links.txt
[1.043s] writing entry points to ../../build/naal3202_hw2/naal3202_hw2.egg-info/entry_points.txt
[1.044s] writing requirements to ../../build/naal3202_hw2/naal3202_hw2.egg-info/requires.txt
[1.044s] writing top-level names to ../../build/naal3202_hw2/naal3202_hw2.egg-info/top_level.txt
[1.046s] reading manifest file '../../build/naal3202_hw2/naal3202_hw2.egg-info/SOURCES.txt'
[1.048s] adding license file 'LICENSE'
[1.049s] writing manifest file '../../build/naal3202_hw2/naal3202_hw2.egg-info/SOURCES.txt'
[1.049s] running build
[1.049s] running build_py
[1.050s] copying naal3202_hw2/services_client.py -> /home/nasser/ros2_assign1_sw/assignment-1.NasserAlMuaili/build/naal3202_hw2/build/lib/naal3202_hw2
[1.051s] running install
[1.051s] running install_lib
[1.052s] copying /home/nasser/ros2_assign1_sw/assignment-1.NasserAlMuaili/build/naal3202_hw2/build/lib/naal3202_hw2/services_client.py -> /home/nasser/ros2_assign1_sw/assignment-1.NasserAlMuaili/install/naal3202_hw2/lib/python3.10/site-packages/naal3202_hw2
[1.053s] byte-compiling /home/nasser/ros2_assign1_sw/assignment-1.NasserAlMuaili/install/naal3202_hw2/lib/python3.10/site-packages/naal3202_hw2/services_client.py to services_client.cpython-310.pyc
[1.054s] running install_data
[1.056s] running install_egg_info
[1.056s] removing '/home/nasser/ros2_assign1_sw/assignment-1.NasserAlMuaili/install/naal3202_hw2/lib/python3.10/site-packages/naal3202_hw2-0.0.0-py3.10.egg-info' (and everything under it)
[1.057s] Copying ../../build/naal3202_hw2/naal3202_hw2.egg-info to /home/nasser/ros2_assign1_sw/assignment-1.NasserAlMuaili/install/naal3202_hw2/lib/python3.10/site-packages/naal3202_hw2-0.0.0-py3.10.egg-info
[1.058s] running install_scripts
[1.079s] Installing services_client script to /home/nasser/ros2_assign1_sw/assignment-1.NasserAlMuaili/install/naal3202_hw2/lib/naal3202_hw2
[1.080s] Installing services_server script to /home/nasser/ros2_assign1_sw/assignment-1.NasserAlMuaili/install/naal3202_hw2/lib/naal3202_hw2
[1.080s] writing list of installed files to '/home/nasser/ros2_assign1_sw/assignment-1.NasserAlMuaili/build/naal3202_hw2/install.log'
[1.115s] Invoked command in '/home/nasser/ros2_assign1_sw/assignment-1.NasserAlMuaili/src/naal3202_hw2' returned '0': PYTHONPATH=/home/nasser/ros2_assign1_sw/assignment-1.NasserAlMuaili/build/naal3202_hw2/prefix_override:/usr/lib/python3/dist-packages/colcon_core/task/python/colcon_distutils_commands:/home/nasser/ros2_assign1_sw/assignment-1.NasserAlMuaili/install/naal3202_hw2/lib/python3.10/site-packages:${PYTHONPATH} /usr/bin/python3 -W ignore:setup.py install is deprecated -W ignore:easy_install command is deprecated setup.py egg_info --egg-base ../../build/naal3202_hw2 build --build-base /home/nasser/ros2_assign1_sw/assignment-1.NasserAlMuaili/build/naal3202_hw2/build install --record /home/nasser/ros2_assign1_sw/assignment-1.NasserAlMuaili/build/naal3202_hw2/install.log --single-version-externally-managed install_data
