[0.791s] Invoking command in '/home/nasser/ros2_assign1_sw/assignment-1.NasserAlMuaili/build/naal3202_hw2': PYTHONPATH=/home/nasser/ros2_assign1_sw/assignment-1.NasserAlMuaili/build/naal3202_hw2/prefix_override:/usr/lib/python3/dist-packages/colcon_core/task/python/colcon_distutils_commands:/home/nasser/ros2_assign1_sw/assignment-1.NasserAlMuaili/install/naal3202_hw2/lib/python3.10/site-packages:${PYTHONPATH} /usr/bin/python3 -W ignore:setup.py install is deprecated -W ignore:easy_install command is deprecated setup.py develop --uninstall --editable --build-directory /home/nasser/ros2_assign1_sw/assignment-1.NasserAlMuaili/build/naal3202_hw2/build
[1.061s] running develop
[1.222s] Removing /home/nasser/ros2_assign1_sw/assignment-1.NasserAlMuaili/install/naal3202_hw2/lib/python3.10/site-packages/naal3202-hw2.egg-link (link to .)
[1.261s] Invoked command in '/home/nasser/ros2_assign1_sw/assignment-1.NasserAlMuaili/build/naal3202_hw2' returned '0': PYTHONPATH=/home/nasser/ros2_assign1_sw/assignment-1.NasserAlMuaili/build/naal3202_hw2/prefix_override:/usr/lib/python3/dist-packages/colcon_core/task/python/colcon_distutils_commands:/home/nasser/ros2_assign1_sw/assignment-1.NasserAlMuaili/install/naal3202_hw2/lib/python3.10/site-packages:${PYTHONPATH} /usr/bin/python3 -W ignore:setup.py install is deprecated -W ignore:easy_install command is deprecated setup.py develop --uninstall --editable --build-directory /home/nasser/ros2_assign1_sw/assignment-1.NasserAlMuaili/build/naal3202_hw2/build
[1.262s] Invoking command in '/home/nasser/ros2_assign1_sw/assignment-1.NasserAlMuaili/src/naal3202_hw2': PYTHONPATH=/home/nasser/ros2_assign1_sw/assignment-1.NasserAlMuaili/build/naal3202_hw2/prefix_override:/usr/lib/python3/dist-packages/colcon_core/task/python/colcon_distutils_commands:/home/nasser/ros2_assign1_sw/assignment-1.NasserAlMuaili/install/naal3202_hw2/lib/python3.10/site-packages:${PYTHONPATH} /usr/bin/python3 -W ignore:setup.py install is deprecated -W ignore:easy_install command is deprecated setup.py egg_info --egg-base ../../build/naal3202_hw2 build --build-base /home/nasser/ros2_assign1_sw/assignment-1.NasserAlMuaili/build/naal3202_hw2/build install --record /home/nasser/ros2_assign1_sw/assignment-1.NasserAlMuaili/build/naal3202_hw2/install.log --single-version-externally-managed install_data --force
[1.502s] running egg_info
[1.503s] writing ../../build/naal3202_hw2/naal3202_hw2.egg-info/PKG-INFO
[1.503s] writing dependency_links to ../../build/naal3202_hw2/naal3202_hw2.egg-info/dependency_links.txt
[1.504s] writing entry points to ../../build/naal3202_hw2/naal3202_hw2.egg-info/entry_points.txt
[1.504s] writing requirements to ../../build/naal3202_hw2/naal3202_hw2.egg-info/requires.txt
[1.505s] writing top-level names to ../../build/naal3202_hw2/naal3202_hw2.egg-info/top_level.txt
[1.506s] reading manifest file '../../build/naal3202_hw2/naal3202_hw2.egg-info/SOURCES.txt'
[1.507s] adding license file 'LICENSE'
[1.508s] writing manifest file '../../build/naal3202_hw2/naal3202_hw2.egg-info/SOURCES.txt'
[1.508s] running build
[1.509s] running build_py
[1.509s] creating /home/nasser/ros2_assign1_sw/assignment-1.NasserAlMuaili/build/naal3202_hw2/build
[1.509s] creating /home/nasser/ros2_assign1_sw/assignment-1.NasserAlMuaili/build/naal3202_hw2/build/lib
[1.509s] creating /home/nasser/ros2_assign1_sw/assignment-1.NasserAlMuaili/build/naal3202_hw2/build/lib/naal3202_hw2
[1.510s] copying naal3202_hw2/services_client.py -> /home/nasser/ros2_assign1_sw/assignment-1.NasserAlMuaili/build/naal3202_hw2/build/lib/naal3202_hw2
[1.510s] copying naal3202_hw2/__init__.py -> /home/nasser/ros2_assign1_sw/assignment-1.NasserAlMuaili/build/naal3202_hw2/build/lib/naal3202_hw2
[1.510s] copying naal3202_hw2/services_server.py -> /home/nasser/ros2_assign1_sw/assignment-1.NasserAlMuaili/build/naal3202_hw2/build/lib/naal3202_hw2
[1.510s] running install
[1.511s] running install_lib
[1.511s] creating /home/nasser/ros2_assign1_sw/assignment-1.NasserAlMuaili/install/naal3202_hw2/lib/python3.10/site-packages/naal3202_hw2
[1.512s] copying /home/nasser/ros2_assign1_sw/assignment-1.NasserAlMuaili/build/naal3202_hw2/build/lib/naal3202_hw2/services_client.py -> /home/nasser/ros2_assign1_sw/assignment-1.NasserAlMuaili/install/naal3202_hw2/lib/python3.10/site-packages/naal3202_hw2
[1.512s] copying /home/nasser/ros2_assign1_sw/assignment-1.NasserAlMuaili/build/naal3202_hw2/build/lib/naal3202_hw2/__init__.py -> /home/nasser/ros2_assign1_sw/assignment-1.NasserAlMuaili/install/naal3202_hw2/lib/python3.10/site-packages/naal3202_hw2
[1.512s] copying /home/nasser/ros2_assign1_sw/assignment-1.NasserAlMuaili/build/naal3202_hw2/build/lib/naal3202_hw2/services_server.py -> /home/nasser/ros2_assign1_sw/assignment-1.NasserAlMuaili/install/naal3202_hw2/lib/python3.10/site-packages/naal3202_hw2
[1.513s] byte-compiling /home/nasser/ros2_assign1_sw/assignment-1.NasserAlMuaili/install/naal3202_hw2/lib/python3.10/site-packages/naal3202_hw2/services_client.py to services_client.cpython-310.pyc
[1.514s] byte-compiling /home/nasser/ros2_assign1_sw/assignment-1.NasserAlMuaili/install/naal3202_hw2/lib/python3.10/site-packages/naal3202_hw2/__init__.py to __init__.cpython-310.pyc
[1.514s] byte-compiling /home/nasser/ros2_assign1_sw/assignment-1.NasserAlMuaili/install/naal3202_hw2/lib/python3.10/site-packages/naal3202_hw2/services_server.py to services_server.cpython-310.pyc
[1.514s] running install_data
[1.515s] copying resource/naal3202_hw2 -> /home/nasser/ros2_assign1_sw/assignment-1.NasserAlMuaili/install/naal3202_hw2/share/ament_index/resource_index/packages
[1.515s] copying package.xml -> /home/nasser/ros2_assign1_sw/assignment-1.NasserAlMuaili/install/naal3202_hw2/share/naal3202_hw2
[1.516s] running install_egg_info
[1.518s] Copying ../../build/naal3202_hw2/naal3202_hw2.egg-info to /home/nasser/ros2_assign1_sw/assignment-1.NasserAlMuaili/install/naal3202_hw2/lib/python3.10/site-packages/naal3202_hw2-0.0.0-py3.10.egg-info
[1.518s] running install_scripts
[1.539s] Installing services_client script to /home/nasser/ros2_assign1_sw/assignment-1.NasserAlMuaili/install/naal3202_hw2/lib/naal3202_hw2
[1.539s] Installing services_server script to /home/nasser/ros2_assign1_sw/assignment-1.NasserAlMuaili/install/naal3202_hw2/lib/naal3202_hw2
[1.540s] writing list of installed files to '/home/nasser/ros2_assign1_sw/assignment-1.NasserAlMuaili/build/naal3202_hw2/install.log'
[1.564s] Invoked command in '/home/nasser/ros2_assign1_sw/assignment-1.NasserAlMuaili/src/naal3202_hw2' returned '0': PYTHONPATH=/home/nasser/ros2_assign1_sw/assignment-1.NasserAlMuaili/build/naal3202_hw2/prefix_override:/usr/lib/python3/dist-packages/colcon_core/task/python/colcon_distutils_commands:/home/nasser/ros2_assign1_sw/assignment-1.NasserAlMuaili/install/naal3202_hw2/lib/python3.10/site-packages:${PYTHONPATH} /usr/bin/python3 -W ignore:setup.py install is deprecated -W ignore:easy_install command is deprecated setup.py egg_info --egg-base ../../build/naal3202_hw2 build --build-base /home/nasser/ros2_assign1_sw/assignment-1.NasserAlMuaili/build/naal3202_hw2/build install --record /home/nasser/ros2_assign1_sw/assignment-1.NasserAlMuaili/build/naal3202_hw2/install.log --single-version-externally-managed install_data --force
